2025-03-07 09:56:54 - INFO - Getting description (tt29436971: Valentine Special | Nepali Romantic Movie | Sangeet Films2025-03-07 09:56:57 - INFO - Getting descri2025-03-07 10:01:39 - INFO - Getting description (tt14570966: Metropolis): 'NoneType' object is not subscriptable
le
2025-03-07 10:00:16 - INFO - Getting description (tt30833524: A Boy Named Death): 'NoneType' object is not subscriptable
2025-03-07 10:17:21 - INFO - Getting description (tt5920984: On Y tu mamá también): 'NoneType' object is not subscriptable
2025-03-07 10:18:49 - INFO - Getting description (tt5046230: Kill Bill: Origins): 'NoneType' object is not subscriptable
2025-03-07 10:19:27 - INFO - Getting description (tt34728137: The Barrier): 'NoneType' object is not subscriptable
2025-03-07 10:20:02 - INFO - Getting description (tt5021088: The Big Lebowski Renactment): 'NoneType' object is not subscriptable
2025-03-07 10:20:41 - INFO - Getting description (tt2191811: Silent Voice): 'NoneType' object is not subscriptable
2025-03-07 10:21:04 - INFO - Getting description (tt2498588: Return to Casablanca): 'NoneType' object is not subscriptable
2025-03-07 10:21:18 - INFO - Getting description (tt15462180: Untitled Michael Mann/Sci-Fi Film): 'NoneType' object is not subscriptable
2025-03-07 10:22:25 - INFO - Getting description (tt2797762: Blade Runner): 'NoneType' object is not subscriptable
2025-03-07 10:22:39 - INFO - Getting description (tt8632716: The Big Lebowski (II)): 'NoneType' object is not subscriptable
2025-03-07 10:28:18 - INFO - Getting description (tt29629000: Megan Fox Motorola Super Bowl Commercial): 'NoneType' object is not subscriptable
2025-03-07 10:28:51 - INFO - Getting description (tt4550818: Wild Tales): 'NoneType' object is not subscriptable
2025-03-07 10:28:58 - INFO - Getting description (tt29355505: Toy Story 5): 'NoneType' object is not subscriptable
2025-03-07 10:29:14 - INFO - Getting description (tt19850008: The Batman Part II): 'NoneType' object is not subscriptable
2025-03-07 10:29:17 - INFO - Getting description (tt5920984: On Y tu mamá también): 'NoneType' object is not subscriptable
2025-03-07 10:29:19 - INFO - Getting description (tt7576076: Come and See): 'NoneType' object is not subscriptable
2025-03-07 10:29:28 - INFO - Getting description (tt13321644: The Sickening): 'NoneType' object is not subscriptable
2025-03-07 10:29:33 - INFO - Getting description (tt19850008: The Batman Part II): 'NoneType' object is not subscriptable
2025-03-07 10:29:34 - INFO - Getting description (tt29542492: Wild Tales of Madrid): 'NoneType' object is not subscriptable
2025-03-07 10:29:37 - INFO - Getting description (tt0874886: Digital Short Films by Three Filmmakers 2004): 'NoneType' object is not subscriptable
2025-03-07 10:29:41 - INFO - Getting description (tt2498588: Return to Casablanca): 'NoneType' object is not subscriptable
2025-03-07 10:29:53 - INFO - Getting description (tt34728137: The Barrier): 'NoneType' object is not subscriptable
2025-03-07 10:30:18 - INFO - Getting description (tt7576076: Come and See): 'NoneType' object is not subscriptable
2025-03-07 10:30:24 - INFO - Getting description (tt29629000: Megan Fox Motorola Super Bowl Commercial): 'NoneType' object is not subscriptable
2025-03-07 10:30:32 - INFO - Getting description (tt5046230: Kill Bill: Origins): 'NoneType' object is not subscriptable
2025-03-07 10:30:34 - INFO - Getting description (tt1790810: Untitled Pirates of the Caribbean Project): 'NoneType' object is not subscriptable
2025-03-07 10:31:00 - INFO - Getting description (tt29542492: Wild Tales of Madrid): 'NoneType' object is not subscriptable
2025-03-07 10:31:01 - INFO - Getting description (tt1523997: Waiting for Robert Capa): 'NoneType' object is not subscriptable
2025-03-07 10:31:34 - INFO - Getting description (tt9594860: Nike: Air Moves You): 'NoneType' object is not subscriptable
2025-03-07 10:31:39 - INFO - Getting description (tt8877384: X-Men Apocalypse X-Mansion): 'NoneType' object is not subscriptable
2025-03-07 10:31:57 - INFO - Getting description (tt7752580: Harmony): 'NoneType' object is not subscriptable
2025-03-07 10:32:12 - INFO - Getting description (tt14785252: Tako ni natta okâsan): 'NoneType' object is not subscriptable
2025-03-07 10:32:40 - INFO - Getting description (tt1592517: Megalomania): 'NoneType' object is not subscriptable
2025-03-07 10:32:43 - INFO - Getting description (tt30759935: Alien 3): 'NoneType' object is not subscriptable
2025-03-07 10:32:44 - INFO - Getting description (tt4387770: Metropolis): 'NoneType' object is not subscriptable
2025-03-07 10:32:57 - INFO - Getting description (tt6133424: Eternal Sunshine of the Spotless Mind): 'NoneType' object is not subscriptable
2025-03-07 10:33:51 - INFO - Getting description (tt30060782: Creed IV): 'NoneType' object is not subscriptable
2025-03-07 10:34:28 - INFO - Getting description (tt7752580: Harmony): 'NoneType' object is not subscriptable
2025-03-07 10:52:32 - INFO - Getting description (tt12753124: Stella Artois Le Apartomatic Commercial): 'NoneType' object is not subscriptable
2025-03-07 10:52:58 - INFO - Getting description (tt16101924: Lethal Weapon 5): 'NoneType' object is not subscriptable
2025-03-07 10:52:58 - INFO - Getting description (tt32659463: Spaceballs 2): 'NoneType' object is not subscriptable
2025-03-07 10:53:04 - INFO - Getting description (tt5852276: Skull Island: Reign of Kong): 'NoneType' object is not subscriptable
2025-03-07 10:53:21 - INFO - Getting description (tt31514847: Once Upon A Time in the West Commentary): 'NoneType' object is not subscriptable
2025-03-07 10:53:28 - INFO - Getting description (tt0047748: Kings Row): 'NoneType' object is not subscriptable
2025-03-07 10:53:52 - INFO - Getting description (tt12408644: Fiddler on the Roof): 'NoneType' object is not subscriptable
2025-03-07 10:54:25 - INFO - Getting description (tt28539592: Rambo): 'NoneType' object is not subscriptable
2025-03-07 10:55:03 - INFO - Getting description (tt3829838: Van Cliburn): 'NoneType' object is not subscriptable
2025-03-07 10:55:09 - INFO - Getting description (tt1446076: Happiness Isn't Everything): 'NoneType' object is not subscriptable
2025-03-07 10:55:14 - INFO - Getting description (tt33829509: Cujo): 'NoneType' object is not subscriptable
2025-03-07 10:55:20 - INFO - Getting description (tt0047748: Kings Row): 'NoneType' object is not subscriptable
2025-03-07 10:55:23 - INFO - Getting description (tt16021402: The Champions): 'NoneType' object is not subscriptable
2025-03-07 10:55:29 - INFO - Getting description (tt12753124: Stella Artois Le Apartomatic Commercial): 'NoneType' object is not subscriptable
2025-03-07 10:55:31 - INFO - Getting description (tt16101924: Lethal Weapon 5): 'NoneType' object is not subscriptable
2025-03-07 10:55:33 - INFO - Getting description (tt1413490: Damage Control): 'NoneType' object is not subscriptable
2025-03-07 10:55:37 - INFO - Getting description (tt1764413: Kamasutra - Die indische Kunst zu lieben): 'NoneType' object is not subscriptable
2025-03-07 10:55:38 - INFO - Getting description (tt2846638: The Girl in the Lemon Factory): 'NoneType' object is not subscriptable
2025-03-07 10:55:45 - INFO - Getting description (tt33829506: The Girl Who Loved Tom Gordon): 'NoneType' object is not subscriptable
2025-03-07 10:55:52 - INFO - Getting description (tt1757890: The Keep): 'NoneType' object is not subscriptable
2025-03-07 10:55:59 - INFO - Getting description (tt8761830: Facebook): 'NoneType' object is not subscriptable
2025-03-07 10:56:26 - INFO - Getting description (tt5961976: Knives Out): 'NoneType' object is not subscriptable
2025-03-07 10:56:43 - INFO - Getting description (tt10820712: Fur Brigade): 'NoneType' object is not subscriptable
2025-03-07 10:56:47 - INFO - Getting description (tt1784465: Hannah Mantegna): 'NoneType' object is not subscriptable
2025-03-07 10:56:57 - INFO - Getting description (tt1319093: Hadashi no Gen: Namida no bakuhatsu): 'NoneType' object is not subscriptable
2025-03-07 10:57:21 - INFO - Getting description (tt13180540: Doctor Sleep (bonus features)): 'NoneType' object is not subscriptable
2025-03-07 10:57:31 - INFO - Getting description (tt6173528: Shackleton): 'NoneType' object is not subscriptable
2025-03-07 10:57:40 - INFO - Getting description (tt13038276: Untitled John Carpenter/Blumhouse Project): 'NoneType' object is not subscriptable
2025-03-07 10:58:00 - INFO - Getting description (tt1893189: 8 O'Clock in the Morning): 'NoneType' object is not subscriptable
2025-03-07 10:58:01 - INFO - Getting description (tt6173528: Shackleton): 'NoneType' object is not subscriptable
2025-03-07 10:58:10 - INFO - Getting description (tt32844440: Santander: Paga el que tiene la del Santander): 'NoneType' object is not subscriptable
2025-03-07 10:58:19 - INFO - Getting description (tt15940410: The Best of Us): 'NoneType' object is not subscriptable
2025-03-07 10:58:31 - INFO - Getting description (tt5829108: Unreasonable Behaviour): 'NoneType' object is not subscriptable
2025-03-07 10:58:33 - INFO - Getting release status (tt31250091): 'NoneType' object is not subscriptable
2025-03-07 10:58:33 - INFO - Getting description (tt31250091: Prey 2): 'NoneType' object is not subscriptable
2025-03-07 10:59:15 - INFO - Getting description (tt3265918: The Big Lebowski Live Cast Reunion): 'NoneType' object is not subscriptable
2025-03-07 10:59:19 - INFO - Getting description (tt7896052: The Silver Bear): 'NoneType' object is not subscriptable
2025-03-07 10:59:26 - INFO - Getting description (tt0794240: The Pretenders): 'NoneType' object is not subscriptable
2025-03-07 11:00:00 - INFO - Getting description (tt13935992: Adrift): 'NoneType' object is not subscriptable
2025-03-07 11:00:01 - INFO - Getting description (tt31613353: Dune Messiah): 'NoneType' object is not subscriptable
2025-03-07 11:00:09 - INFO - Getting description (tt26598805: Lazarus): 'NoneType' object is not subscriptable
2025-03-07 11:00:32 - INFO - Getting description (tt33639144: Akira Part I): 'NoneType' object is not subscriptable
2025-03-07 11:00:34 - INFO - Getting description (tt27941211: HEAT deux L.A. takedown): 'NoneType' object is not subscriptable
2025-03-07 11:00:44 - INFO - Getting description (tt7584396: Children of Heaven): 'NoneType' object is not subscriptable
2025-03-07 11:00:46 - INFO - Getting description (tt4578126: Play-Doh): 'NoneType' object is not subscriptable
2025-03-07 11:00:49 - INFO - Getting description (tt32777683: Kardes Takimi 2): 'NoneType' object is not subscriptable
2025-03-07 11:01:02 - INFO - Getting description (tt4206852: Can't Touch This): 'NoneType' object is not subscriptable
2025-03-07 11:01:08 - INFO - Getting description (tt11518258: Permanent Record): 'NoneType' object is not subscriptable
2025-03-07 11:01:17 - INFO - Getting description (tt7315278: The Moor): 'NoneType' object is not subscriptable
2025-03-07 11:01:26 - INFO - Getting description (tt0393984: Y tu mamá... también es narca): 'NoneType' object is not subscriptable
2025-03-07 11:01:52 - INFO - Getting description (tt5961976: Knives Out): 'NoneType' object is not subscriptable
2025-03-07 11:02:05 - INFO - Getting description (tt12598672: Untitled Pirates of the Caribbean/Margot Robbie Project): 'NoneType' object is not subscriptable
2025-03-07 11:03:52 - INFO - Getting description (tt14466626: Splendid Solution): 'NoneType' object is not subscriptable
2025-03-07 11:03:57 - INFO - Getting description (tt8215636: Pirates of the Caribbean: Battle for the Sunken Treasure): 'NoneType' object is not subscriptable
2025-03-07 11:04:01 - INFO - Getting description (tt6734490: 77 Blackout): 'NoneType' object is not subscriptable
2025-03-07 11:04:07 - INFO - Getting description (tt30581561: The Double Life of Veronique): 'NoneType' object is not subscriptable
2025-03-07 11:04:15 - INFO - Getting description (tt23476308: Seesaw Monster): 'NoneType' object is not subscriptable
2025-03-07 11:04:17 - INFO - Getting description (tt0892384: White Jazz): 'NoneType' object is not subscriptable
2025-03-07 11:04:30 - INFO - Getting description (tt22892990: The Young King): 'NoneType' object is not subscriptable
2025-03-07 11:04:45 - INFO - Getting description (tt10970798: The Battle of the Bonds): 'NoneType' object is not subscriptable
2025-03-07 11:04:51 - INFO - Getting description (tt32659463: Spaceballs 2): 'NoneType' object is not subscriptable
2025-03-07 11:04:54 - INFO - Getting description (tt7212280: My War Gone By, I Miss It So): 'NoneType' object is not subscriptable
2025-03-07 11:04:56 - INFO - Getting description (tt7722982: Michiganders): 'NoneType' object is not subscriptable
2025-03-07 11:05:08 - INFO - Getting description (tt32777683: Kardes Takimi 2): 'NoneType' object is not subscriptable
2025-03-07 11:05:42 - INFO - Getting description (tt35375377: Submerged): 'NoneType' object is not subscriptable
2025-03-07 11:06:03 - INFO - Getting description (tt0786945: Brave Heart): 'NoneType' object is not subscriptable
2025-03-07 11:06:09 - INFO - Getting description (tt2249151: The Tam): 'NoneType' object is not subscriptable
2025-03-07 11:06:12 - INFO - Getting description (tt3265918: The Big Lebowski Live Cast Reunion): 'NoneType' object is not subscriptable
2025-03-07 11:06:47 - INFO - Getting description (tt2249151: The Tam): 'NoneType' object is not subscriptable
2025-03-07 11:06:53 - INFO - Getting description (tt34778399: FC Hollywood - Der FC Bayern und die verrückten 90er): 'NoneType' object is not subscriptable
2025-03-07 11:07:10 - INFO - Getting description (tt33829719: Dead Zone): 'NoneType' object is not subscriptable
2025-03-07 11:07:16 - INFO - Getting description (tt29894541: Star Wars: The Force Awakens Read-Along Storybook and CD): 'NoneType' object is not subscriptable
2025-03-07 11:07:32 - INFO - Getting description (tt4663758: Escape): 'NoneType' object is not subscriptable
2025-03-07 11:08:23 - INFO - Getting description (tt10033858: Sahaya): 'NoneType' object is not subscriptable
2025-03-07 11:08:32 - INFO - Getting description (tt6744318: Our Story, Your Story): 'NoneType' object is not subscriptable
2025-03-07 11:08:33 - INFO - Getting description (tt23476308: Seesaw Monster): 'NoneType' object is not subscriptable
2025-03-07 11:08:35 - INFO - Getting description (tt8215636: Pirates of the Caribbean: Battle for the Sunken Treasure): 'NoneType' object is not subscriptable
2025-03-07 11:08:57 - INFO - Getting description (tt3266304: Smash and Grab): 'NoneType' object is not subscriptable
2025-03-07 11:09:04 - INFO - Getting description (tt33829506: The Girl Who Loved Tom Gordon): 'NoneType' object is not subscriptable
2025-03-07 11:09:07 - INFO - Getting description (tt6173528: Shackleton): 'NoneType' object is not subscriptable
2025-03-07 11:09:13 - INFO - Getting description (tt31613341: Dune): 'NoneType' object is not subscriptable
2025-03-07 11:09:16 - INFO - Getting description (tt7983886: Ghost Dog 2): 'NoneType' object is not subscriptable
2025-03-07 11:09:34 - INFO - Getting description (tt1727779: Cicero): 'NoneType' object is not subscriptable
2025-03-07 11:09:53 - INFO - Getting description (tt34254085: Yves Saint Laurent: L'Homme Libre): 'NoneType' object is not subscriptable
2025-03-07 11:10:31 - INFO - Getting description (tt32844440: Santander: Paga el que tiene la del Santander): 'NoneType' object is not subscriptable
2025-03-07 11:10:59 - INFO - Getting description (tt7615594: Extinction): 'NoneType' object is not subscriptable
2025-03-07 11:11:11 - INFO - Getting description (tt0944193: Death of a Dissident): 'NoneType' object is not subscriptable
2025-03-07 11:11:12 - INFO - Getting description (tt28266847: The Hunt for Red October): 'NoneType' object is not subscriptable
2025-03-07 11:11:13 - INFO - Getting description (tt3401746: Frozen Ground): 'NoneType' object is not subscriptable
2025-03-07 11:11:14 - INFO - Getting description (tt18987628: La haine): 'NoneType' object is not subscriptable
2025-03-07 11:11:15 - INFO - Getting description (tt7315278: The Moor): 'NoneType' object is not subscriptable
2025-03-07 11:11:19 - INFO - Getting description (tt30581561: The Double Life of Veronique): 'NoneType' object is not subscriptable
2025-03-07 11:11:23 - INFO - Getting description (tt35065151: Menace): 'NoneType' object is not subscriptable
2025-03-07 11:11:37 - INFO - Getting description (tt27047864: Lethal Weapon: To Die For): 'NoneType' object is not subscriptable
2025-03-07 11:11:59 - INFO - Getting description (tt7584396: Children of Heaven): 'NoneType' object is not subscriptable
2025-03-07 11:12:20 - INFO - Getting description (tt6734490: 77 Blackout): 'NoneType' object is not subscriptable
2025-03-07 11:12:27 - INFO - Getting description (tt28319765: The Exorcist: A Novel): 'NoneType' object is not subscriptable
2025-03-07 11:12:33 - INFO - Getting description (tt29768342: Sicario 3): 'NoneType' object is not subscriptable
2025-03-07 11:12:38 - INFO - Getting description (tt0805534: Game Boys): 'NoneType' object is not subscriptable
2025-03-07 11:12:41 - INFO - Getting description (tt32536616: QD Christmas Campaign): 'NoneType' object is not subscriptable
2025-03-07 11:12:46 - INFO - Getting description (tt32844440: Santander: Paga el que tiene la del Santander): 'NoneType' object is not subscriptable
2025-03-07 11:12:50 - INFO - Getting description (tt0074075: Yanks Go Home): 'NoneType' object is not subscriptable
2025-03-07 11:12:59 - INFO - Getting description (tt9646562: Baby Driver 2): 'NoneType' object is not subscriptable
2025-03-07 11:12:59 - INFO - Getting description (tt1134795: Akira): 'NoneType' object is not subscriptable
2025-03-07 11:13:03 - INFO - Getting description (tt9378684: The Angels' Share): 'NoneType' object is not subscriptable
2025-03-07 11:13:18 - INFO - Getting description (tt29628975: Jennifer's Body: Megan Fox: Peer Pressure PSA): 'NoneType' object is not subscriptable
2025-03-07 11:13:22 - INFO - Getting description (tt4095828: Fargo: This Is a True Story): 'NoneType' object is not subscriptable
2025-03-07 11:13:28 - INFO - Getting description (tt27550022: Fast X: Part 2): 'NoneType' object is not subscriptable
2025-03-07 11:13:45 - INFO - Getting description (tt15258474: Sickening Chair Games): 'NoneType' object is not subscriptable
2025-03-07 11:14:00 - INFO - Getting description (tt3581624: Winter's Knight): 'NoneType' object is not subscriptable
2025-03-07 11:16:07 - INFO - Getting description (tt1893189: 8 O'Clock in the Morning): 'NoneType' object is not subscriptable
2025-03-07 11:16:13 - INFO - Getting description (tt35065151: Menace): 'NoneType' object is not subscriptable
2025-03-07 11:16:17 - INFO - Getting description (tt13391834: Smokey and the Bandit): 'NoneType' object is not subscriptable
2025-03-07 11:16:23 - INFO - Getting description (tt15120604: Pirelli Calendar 2015): 'NoneType' object is not subscriptable
2025-03-07 11:16:34 - INFO - Getting description (tt0809370: Tales of the Wild): 'NoneType' object is not subscriptable
2025-03-07 11:16:38 - INFO - Getting description (tt6435412: Come and See): 'NoneType' object is not subscriptable
2025-03-07 11:16:48 - INFO - Getting description (tt31616753: Dog Fight): 'NoneType' object is not subscriptable
2025-03-07 11:16:50 - INFO - Getting description (tt27369328: Chanel Chance): 'NoneType' object is not subscriptable
2025-03-07 11:16:58 - INFO - Getting description (tt14425962: MIB): 'NoneType' object is not subscriptable
2025-03-07 11:17:00 - INFO - Getting description (tt21943202: American Sniper 2): 'NoneType' object is not subscriptable
2025-03-07 11:17:00 - INFO - Getting description (tt0401515: The Ingrate): 'NoneType' object is not subscriptable
2025-03-07 11:17:01 - INFO - Getting description (tt8354370: Failsafe): 'NoneType' object is not subscriptable
2025-03-07 11:17:16 - INFO - Getting description (tt0824662: Big Lebowski: Jeff Bridges' Photography): 'NoneType' object is not subscriptable
2025-03-07 11:17:54 - INFO - Getting description (tt7212280: My War Gone By, I Miss It So): 'NoneType' object is not subscriptable
2025-03-07 11:18:04 - INFO - Getting description (tt0805534: Game Boys): 'NoneType' object is not subscriptable
2025-03-07 11:18:06 - INFO - Getting description (tt28266847: The Hunt for Red October): 'NoneType' object is not subscriptable
2025-03-07 11:18:21 - INFO - Getting description (tt30749937: Alien 3): 'NoneType' object is not subscriptable
2025-03-07 11:18:22 - INFO - Getting description (tt12753124: Stella Artois Le Apartomatic Commercial): 'NoneType' object is not subscriptable
2025-03-07 11:18:28 - INFO - Getting description (tt6234106: The Victorians): 'NoneType' object is not subscriptable
2025-03-07 11:18:45 - INFO - Getting description (tt31492724: A Tale of Two Toads): 'NoneType' object is not subscriptable
2025-03-07 11:18:51 - INFO - Getting description (tt8075060: The Wangs vs The World): 'NoneType' object is not subscriptable
2025-03-07 11:19:04 - INFO - Getting description (tt7584396: Children of Heaven): 'NoneType' object is not subscriptable
2025-03-07 11:19:18 - INFO - Getting description (tt1764413: Kamasutra - Die indische Kunst zu lieben): 'NoneType' object is not subscriptable
2025-03-07 11:19:48 - INFO - Getting description (tt21321726: The Raven): 'NoneType' object is not subscriptable
2025-03-07 11:19:52 - INFO - Getting description (tt8354370: Failsafe): 'NoneType' object is not subscriptable
2025-03-07 11:19:58 - INFO - Getting description (tt27601427: Untitled Blossom Reboot Project): 'NoneType' object is not subscriptable
2025-03-07 11:20:02 - INFO - Getting description (tt15258474: Sickening Chair Games): 'NoneType' object is not subscriptable
2025-03-07 11:20:15 - INFO - Getting description (tt32536616: QD Christmas Campaign): 'NoneType' object is not subscriptable
2025-03-07 11:20:16 - INFO - Getting description (tt33058291: The Woman in Me): 'NoneType' object is not subscriptable
2025-03-07 11:20:18 - INFO - Getting description (tt5852276: Skull Island: Reign of Kong): 'NoneType' object is not subscriptable
2025-03-07 11:20:35 - INFO - Getting description (tt32598448: Six-Dinner Sid): 'NoneType' object is not subscriptable
2025-03-07 11:20:38 - INFO - Getting description (tt33829719: Dead Zone): 'NoneType' object is not subscriptable
2025-03-07 11:20:45 - INFO - Getting description (tt0384277: Lawrence of Arabia: The Battle for the Arab World): 'NoneType' object is not subscriptable
2025-03-07 11:20:49 - INFO - Getting description (tt6731210: Wet Kimono): 'NoneType' object is not subscriptable
2025-03-07 11:20:51 - INFO - Getting description (tt13391834: Smokey and the Bandit): 'NoneType' object is not subscriptable
2025-03-07 11:20:52 - INFO - Getting description (tt13038276: Untitled John Carpenter/Blumhouse Project): 'NoneType' object is not subscriptable
2025-03-07 11:21:06 - INFO - Getting description (tt15940410: The Best of Us): 'NoneType' object is not subscriptable
2025-03-07 11:21:08 - INFO - Getting description (tt23476308: Seesaw Monster): 'NoneType' object is not subscriptable
2025-03-07 11:21:11 - INFO - Getting description (tt34778399: FC Hollywood - Der FC Bayern und die verrückten 90er): 'NoneType' object is not subscriptable
2025-03-07 11:21:16 - INFO - Getting description (tt13180540: Doctor Sleep (bonus features)): 'NoneType' object is not subscriptable
2025-03-07 11:21:24 - INFO - Getting description (tt34900169: Panic Carefully): 'NoneType' object is not subscriptable
2025-03-07 11:21:33 - INFO - Getting description (tt10826586: Touch): 'NoneType' object is not subscriptable
2025-03-07 11:21:35 - INFO - Getting description (tt0794240: The Pretenders): 'NoneType' object is not subscriptable
2025-03-07 11:21:36 - INFO - Getting description (tt33318732: Jailer 2): 'NoneType' object is not subscriptable
2025-03-07 11:21:37 - INFO - Getting description (tt0393984: Y tu mamá... también es narca): 'NoneType' object is not subscriptable
2025-03-07 11:22:03 - INFO - Getting description (tt2180287: After the Storm): 'NoneType' object is not subscriptable
2025-03-07 11:22:18 - INFO - Getting description (tt1798634: Frank or Francis): 'NoneType' object is not subscriptable
2025-03-07 11:22:33 - INFO - Getting description (tt11558774: Nothing Like the Son): 'NoneType' object is not subscriptable
2025-03-07 11:22:45 - INFO - Getting description (tt1480287: Agincourt): 'NoneType' object is not subscriptable
2025-03-07 11:22:58 - INFO - Getting description (tt35375377: Submerged): 'NoneType' object is not subscriptable
2025-03-07 11:22:59 - INFO - Getting description (tt30749937: Alien 3): 'NoneType' object is not subscriptable
2025-03-07 11:23:17 - INFO - Getting description (tt15120604: Pirelli Calendar 2015): 'NoneType' object is not subscriptable
2025-03-07 11:23:18 - INFO - Getting description (tt0794240: The Pretenders): 'NoneType' object is not subscriptable
2025-03-07 11:23:25 - INFO - Getting description (tt6510256: Three Colors Red): 'NoneType' object is not subscriptable
2025-03-07 11:23:45 - INFO - Getting description (tt35065151: Menace): 'NoneType' object is not subscriptable
2025-03-07 11:24:08 - INFO - Getting description (tt12246054: Yankee Comandante): 'NoneType' object is not subscriptable
2025-03-07 11:24:19 - INFO - Getting description (tt10820712: Fur Brigade): 'NoneType' object is not subscriptable
2025-03-07 11:24:33 - INFO - Getting description (tt10613664: Life and Deaf): 'NoneType' object is not subscriptable
2025-03-07 11:24:33 - INFO - Getting description (tt5737504: Gaijin): 'NoneType' object is not subscriptable
2025-03-07 11:24:36 - INFO - Getting description (tt7315278: The Moor): 'NoneType' object is not subscriptable
2025-03-07 11:24:41 - INFO - Getting description (tt31514847: Once Upon A Time in the West Commentary): 'NoneType' object is not subscriptable
2025-03-07 11:24:43 - INFO - Getting description (tt11558774: Nothing Like the Son): 'NoneType' object is not subscriptable
2025-03-07 11:24:53 - INFO - Getting description (tt12753124: Stella Artois Le Apartomatic Commercial): 'NoneType' object is not subscriptable
2025-03-07 19:29:43 - WARNING - Getting movie html (tt1375666): ('Connection aborted.', RemoteDisconnected('Remote end closed connection without response'))
2025-03-07 19:29:43 - WARNING - Getting movie details (tt0080684: Star Wars: Episode V - The Empire Strikes Back): 'tuple' object has no attribute 'get'
